2018-12-05 09:40:31,089 CRIT Supervisor is running as root.  Privileges were not dropped because no user is specified in the config file.  If you intend to run as root, you can set user=root in the config file to avoid this message.
2018-12-05 09:40:31,092 INFO supervisord started with pid 1
2018-12-05 09:40:32,097 INFO spawned: 'nginx' with pid 7
2018-12-05 09:40:32,106 INFO spawned: 'php-fpm' with pid 8
2018-12-05 09:40:33,139 INFO success: nginx entered RUNNING state, process has stayed up for > than 1 seconds (startsecs)
2018-12-05 09:40:33,140 INFO success: php-fpm entered RUNNING state, process has stayed up for > than 1 seconds (startsecs)
2018-12-05 09:42:23,707 CRIT Supervisor is running as root.  Privileges were not dropped because no user is specified in the config file.  If you intend to run as root, you can set user=root in the config file to avoid this message.
2018-12-05 09:42:23,713 INFO supervisord started with pid 1
2018-12-05 09:42:24,717 INFO spawned: 'nginx' with pid 8
2018-12-05 09:42:24,728 INFO spawned: 'php-fpm' with pid 10
2018-12-05 09:42:25,760 INFO success: nginx entered RUNNING state, process has stayed up for > than 1 seconds (startsecs)
2018-12-05 09:42:25,762 INFO success: php-fpm entered RUNNING state, process has stayed up for > than 1 seconds (startsecs)
2018-12-07 01:49:22,088 CRIT Supervisor is running as root.  Privileges were not dropped because no user is specified in the config file.  If you intend to run as root, you can set user=root in the config file to avoid this message.
2018-12-07 01:49:22,095 INFO supervisord started with pid 1
2018-12-07 01:49:23,100 INFO spawned: 'nginx' with pid 8
2018-12-07 01:49:23,107 INFO spawned: 'php-fpm' with pid 9
2018-12-07 01:49:24,269 INFO success: nginx entered RUNNING state, process has stayed up for > than 1 seconds (startsecs)
2018-12-07 01:49:24,270 INFO success: php-fpm entered RUNNING state, process has stayed up for > than 1 seconds (startsecs)
2018-12-10 05:14:32,386 CRIT Supervisor is running as root.  Privileges were not dropped because no user is specified in the config file.  If you intend to run as root, you can set user=root in the config file to avoid this message.
2018-12-10 05:14:32,395 INFO supervisord started with pid 1
2018-12-10 05:14:33,402 INFO spawned: 'nginx' with pid 8
2018-12-10 05:14:33,411 INFO spawned: 'php-fpm' with pid 9
2018-12-10 05:14:34,604 INFO success: nginx entered RUNNING state, process has stayed up for > than 1 seconds (startsecs)
2018-12-10 05:14:34,605 INFO success: php-fpm entered RUNNING state, process has stayed up for > than 1 seconds (startsecs)
2018-12-10 05:16:40,829 CRIT Supervisor is running as root.  Privileges were not dropped because no user is specified in the config file.  If you intend to run as root, you can set user=root in the config file to avoid this message.
2018-12-10 05:16:40,836 INFO supervisord started with pid 1
2018-12-10 05:16:41,844 INFO spawned: 'nginx' with pid 9
2018-12-10 05:16:41,851 INFO spawned: 'php-fpm' with pid 10
2018-12-10 05:16:42,887 INFO success: nginx entered RUNNING state, process has stayed up for > than 1 seconds (startsecs)
2018-12-10 05:16:42,888 INFO success: php-fpm entered RUNNING state, process has stayed up for > than 1 seconds (startsecs)
